{"/home/cj.koral/Desktop/boom-api/node-server/user.js": {"path":"/home/cj.koral/Desktop/boom-api/node-server/user.js","statementMap":{"0":{"start":{"line":2,"column":15},"end":{"line":2,"column":32}},"1":{"start":{"line":3,"column":12},"end":{"line":3,"column":35}},"2":{"start":{"line":4,"column":15},"end":{"line":4,"column":33}},"3":{"start":{"line":7,"column":15},"end":{"line":7,"column":32}},"4":{"start":{"line":8,"column":0},"end":{"line":8,"column":15}},"5":{"start":{"line":10,"column":14},"end":{"line":10,"column":16}},"6":{"start":{"line":11,"column":18},"end":{"line":11,"column":22}},"7":{"start":{"line":14,"column":23},"end":{"line":14,"column":47}},"8":{"start":{"line":15,"column":2},"end":{"line":17,"column":3}},"9":{"start":{"line":16,"column":4},"end":{"line":16,"column":43}},"10":{"start":{"line":19,"column":15},"end":{"line":24,"column":3}},"11":{"start":{"line":26,"column":2},"end":{"line":26,"column":19}},"12":{"start":{"line":27,"column":2},"end":{"line":30,"column":3}},"13":{"start":{"line":29,"column":4},"end":{"line":29,"column":18}},"14":{"start":{"line":31,"column":2},"end":{"line":34,"column":3}},"15":{"start":{"line":33,"column":4},"end":{"line":33,"column":29}},"16":{"start":{"line":36,"column":2},"end":{"line":36,"column":14}},"17":{"start":{"line":41,"column":15},"end":{"line":41,"column":39}},"18":{"start":{"line":42,"column":2},"end":{"line":48,"column":3}},"19":{"start":{"line":43,"column":4},"end":{"line":43,"column":38}},"20":{"start":{"line":44,"column":9},"end":{"line":48,"column":3}},"21":{"start":{"line":45,"column":4},"end":{"line":45,"column":42}},"22":{"start":{"line":47,"column":4},"end":{"line":47,"column":29}},"23":{"start":{"line":52,"column":2},"end":{"line":52,"column":56}},"24":{"start":{"line":52,"column":28},"end":{"line":52,"column":54}},"25":{"start":{"line":56,"column":14},"end":{"line":56,"column":64}},"26":{"start":{"line":57,"column":20},"end":{"line":57,"column":42}},"27":{"start":{"line":58,"column":2},"end":{"line":58,"column":33}},"28":{"start":{"line":62,"column":2},"end":{"line":69,"column":3}},"29":{"start":{"line":63,"column":17},"end":{"line":63,"column":58}},"30":{"start":{"line":64,"column":4},"end":{"line":64,"column":26}},"31":{"start":{"line":65,"column":4},"end":{"line":65,"column":16}},"32":{"start":{"line":68,"column":4},"end":{"line":68,"column":33}},"33":{"start":{"line":74,"column":2},"end":{"line":84,"column":3}},"34":{"start":{"line":75,"column":15},"end":{"line":75,"column":39}},"35":{"start":{"line":76,"column":2},"end":{"line":78,"column":3}},"36":{"start":{"line":77,"column":4},"end":{"line":77,"column":34}},"37":{"start":{"line":79,"column":2},"end":{"line":79,"column":22}},"38":{"start":{"line":80,"column":2},"end":{"line":80,"column":24}},"39":{"start":{"line":83,"column":4},"end":{"line":83,"column":32}},"40":{"start":{"line":90,"column":2},"end":{"line":90,"column":81}},"41":{"start":{"line":93,"column":0},"end":{"line":104,"column":2}}},"fnMap":{"0":{"name":"createUser","decl":{"start":{"line":13,"column":9},"end":{"line":13,"column":19}},"loc":{"start":{"line":13,"column":40},"end":{"line":37,"column":1}},"line":13},"1":{"name":"createSession","decl":{"start":{"line":39,"column":9},"end":{"line":39,"column":22}},"loc":{"start":{"line":39,"column":43},"end":{"line":49,"column":1}},"line":39},"2":{"name":"findUserByName","decl":{"start":{"line":51,"column":9},"end":{"line":51,"column":23}},"loc":{"start":{"line":51,"column":34},"end":{"line":53,"column":1}},"line":51},"3":{"name":"(anonymous_3)","decl":{"start":{"line":52,"column":20},"end":{"line":52,"column":21}},"loc":{"start":{"line":52,"column":28},"end":{"line":52,"column":54}},"line":52},"4":{"name":"encryptUser","decl":{"start":{"line":55,"column":9},"end":{"line":55,"column":20}},"loc":{"start":{"line":55,"column":27},"end":{"line":59,"column":1}},"line":55},"5":{"name":"decryptUser","decl":{"start":{"line":61,"column":9},"end":{"line":61,"column":20}},"loc":{"start":{"line":61,"column":28},"end":{"line":71,"column":1}},"line":61},"6":{"name":"makeAdmin","decl":{"start":{"line":73,"column":9},"end":{"line":73,"column":18}},"loc":{"start":{"line":73,"column":29},"end":{"line":86,"column":1}},"line":73},"7":{"name":"sha256hash","decl":{"start":{"line":88,"column":9},"end":{"line":88,"column":19}},"loc":{"start":{"line":88,"column":27},"end":{"line":91,"column":1}},"line":88}},"branchMap":{"0":{"loc":{"start":{"line":15,"column":2},"end":{"line":17,"column":3}},"type":"if","locations":[{"start":{"line":15,"column":2},"end":{"line":17,"column":3}},{"start":{"line":15,"column":2},"end":{"line":17,"column":3}}],"line":15},"1":{"loc":{"start":{"line":27,"column":2},"end":{"line":30,"column":3}},"type":"if","locations":[{"start":{"line":27,"column":2},"end":{"line":30,"column":3}},{"start":{"line":27,"column":2},"end":{"line":30,"column":3}}],"line":27},"2":{"loc":{"start":{"line":31,"column":2},"end":{"line":34,"column":3}},"type":"if","locations":[{"start":{"line":31,"column":2},"end":{"line":34,"column":3}},{"start":{"line":31,"column":2},"end":{"line":34,"column":3}}],"line":31},"3":{"loc":{"start":{"line":42,"column":2},"end":{"line":48,"column":3}},"type":"if","locations":[{"start":{"line":42,"column":2},"end":{"line":48,"column":3}},{"start":{"line":42,"column":2},"end":{"line":48,"column":3}}],"line":42},"4":{"loc":{"start":{"line":44,"column":9},"end":{"line":48,"column":3}},"type":"if","locations":[{"start":{"line":44,"column":9},"end":{"line":48,"column":3}},{"start":{"line":44,"column":9},"end":{"line":48,"column":3}}],"line":44},"5":{"loc":{"start":{"line":76,"column":2},"end":{"line":78,"column":3}},"type":"if","locations":[{"start":{"line":76,"column":2},"end":{"line":78,"column":3}},{"start":{"line":76,"column":2},"end":{"line":78,"column":3}}],"line":76}},"s":{"0":1,"1":1,"2":1,"3":1,"4":1,"5":1,"6":1,"7":5007,"8":5007,"9":1,"10":5006,"11":5006,"12":5006,"13":6,"14":5006,"15":1,"16":5006,"17":3,"18":3,"19":1,"20":2,"21":1,"22":1,"23":10014,"24":25040017,"25":2,"26":2,"27":2,"28":2,"29":2,"30":1,"31":1,"32":1,"33":2,"34":2,"35":2,"36":1,"37":1,"38":1,"39":1,"40":5009,"41":1},"f":{"0":5007,"1":3,"2":10014,"3":25040017,"4":2,"5":2,"6":2,"7":5009},"b":{"0":[1,5006],"1":[6,5000],"2":[1,5005],"3":[1,2],"4":[1,1],"5":[1,1]},"_coverageSchema":"1a1c01bbd47fc00a2c39e90264f33305004495a9","hash":"d8198a32f2a6b51515929781e537e7d337caa68c"}
,"/home/cj.koral/Desktop/boom-api/node-server/api/trivia.js": {"path":"/home/cj.koral/Desktop/boom-api/node-server/api/trivia.js","statementMap":{"0":{"start":{"line":3,"column":18},"end":{"line":3,"column":45}},"1":{"start":{"line":4,"column":23},"end":{"line":4,"column":38}},"2":{"start":{"line":7,"column":32},"end":{"line":9,"column":2}},"3":{"start":{"line":8,"column":2},"end":{"line":8,"column":81}},"4":{"start":{"line":12,"column":2},"end":{"line":12,"column":33}},"5":{"start":{"line":16,"column":2},"end":{"line":20,"column":5}},"6":{"start":{"line":17,"column":15},"end":{"line":17,"column":26}},"7":{"start":{"line":18,"column":19},"end":{"line":18,"column":61}},"8":{"start":{"line":18,"column":37},"end":{"line":18,"column":54}},"9":{"start":{"line":19,"column":4},"end":{"line":19,"column":96}},"10":{"start":{"line":25,"column":2},"end":{"line":25,"column":27}},"11":{"start":{"line":26,"column":19},"end":{"line":36,"column":3}},"12":{"start":{"line":30,"column":6},"end":{"line":33,"column":7}},"13":{"start":{"line":39,"column":2},"end":{"line":39,"column":76}},"14":{"start":{"line":39,"column":51},"end":{"line":39,"column":69}},"15":{"start":{"line":41,"column":2},"end":{"line":41,"column":26}},"16":{"start":{"line":42,"column":2},"end":{"line":42,"column":17}},"17":{"start":{"line":48,"column":30},"end":{"line":48,"column":71}},"18":{"start":{"line":48,"column":52},"end":{"line":48,"column":70}},"19":{"start":{"line":49,"column":2},"end":{"line":56,"column":3}},"20":{"start":{"line":50,"column":21},"end":{"line":50,"column":62}},"21":{"start":{"line":51,"column":4},"end":{"line":51,"column":30}},"22":{"start":{"line":52,"column":4},"end":{"line":52,"column":15}},"23":{"start":{"line":55,"column":4},"end":{"line":55,"column":16}},"24":{"start":{"line":61,"column":2},"end":{"line":65,"column":4}},"25":{"start":{"line":62,"column":17},"end":{"line":62,"column":75}},"26":{"start":{"line":63,"column":6},"end":{"line":63,"column":63}},"27":{"start":{"line":64,"column":6},"end":{"line":64,"column":23}},"28":{"start":{"line":69,"column":0},"end":{"line":77,"column":2}}},"fnMap":{"0":{"name":"(anonymous_0)","decl":{"start":{"line":7,"column":46},"end":{"line":7,"column":47}},"loc":{"start":{"line":7,"column":58},"end":{"line":9,"column":1}},"line":7},"1":{"name":"getQuestions","decl":{"start":{"line":11,"column":9},"end":{"line":11,"column":21}},"loc":{"start":{"line":11,"column":24},"end":{"line":13,"column":1}},"line":11},"2":{"name":"scoreQuestions","decl":{"start":{"line":15,"column":9},"end":{"line":15,"column":23}},"loc":{"start":{"line":15,"column":33},"end":{"line":21,"column":1}},"line":15},"3":{"name":"(anonymous_3)","decl":{"start":{"line":16,"column":23},"end":{"line":16,"column":24}},"loc":{"start":{"line":16,"column":35},"end":{"line":20,"column":3}},"line":16},"4":{"name":"(anonymous_4)","decl":{"start":{"line":18,"column":32},"end":{"line":18,"column":33}},"loc":{"start":{"line":18,"column":37},"end":{"line":18,"column":54}},"line":18},"5":{"name":"addQuestion","decl":{"start":{"line":23,"column":9},"end":{"line":23,"column":20}},"loc":{"start":{"line":23,"column":51},"end":{"line":43,"column":1}},"line":23},"6":{"name":"(anonymous_6)","decl":{"start":{"line":29,"column":45},"end":{"line":29,"column":46}},"loc":{"start":{"line":29,"column":57},"end":{"line":34,"column":5}},"line":29},"7":{"name":"(anonymous_7)","decl":{"start":{"line":39,"column":44},"end":{"line":39,"column":45}},"loc":{"start":{"line":39,"column":51},"end":{"line":39,"column":69}},"line":39},"8":{"name":"deleteQuestion","decl":{"start":{"line":47,"column":9},"end":{"line":47,"column":23}},"loc":{"start":{"line":47,"column":36},"end":{"line":57,"column":1}},"line":47},"9":{"name":"(anonymous_9)","decl":{"start":{"line":48,"column":47},"end":{"line":48,"column":48}},"loc":{"start":{"line":48,"column":52},"end":{"line":48,"column":70}},"line":48},"10":{"name":"shuffleChoices","decl":{"start":{"line":59,"column":9},"end":{"line":59,"column":23}},"loc":{"start":{"line":59,"column":29},"end":{"line":66,"column":1}},"line":59},"11":{"name":"(anonymous_11)","decl":{"start":{"line":61,"column":23},"end":{"line":61,"column":24}},"loc":{"start":{"line":61,"column":42},"end":{"line":65,"column":3}},"line":61}},"branchMap":{"0":{"loc":{"start":{"line":18,"column":19},"end":{"line":18,"column":61}},"type":"binary-expr","locations":[{"start":{"line":18,"column":19},"end":{"line":18,"column":55}},{"start":{"line":18,"column":59},"end":{"line":18,"column":61}}],"line":18},"1":{"loc":{"start":{"line":49,"column":2},"end":{"line":56,"column":3}},"type":"if","locations":[{"start":{"line":49,"column":2},"end":{"line":56,"column":3}},{"start":{"line":49,"column":2},"end":{"line":56,"column":3}}],"line":49}},"s":{"0":1,"1":1,"2":1,"3":30,"4":1,"5":2,"6":60,"7":60,"8":465,"9":60,"10":1,"11":1,"12":4,"13":1,"14":4,"15":1,"16":1,"17":2,"18":59,"19":2,"20":1,"21":1,"22":1,"23":1,"24":1,"25":4,"26":4,"27":4,"28":1},"f":{"0":30,"1":1,"2":2,"3":60,"4":465,"5":1,"6":4,"7":4,"8":2,"9":59,"10":1,"11":4},"b":{"0":[60,30],"1":[1,1]},"_coverageSchema":"1a1c01bbd47fc00a2c39e90264f33305004495a9","hash":"4e5f91a5e8d336db636933cb250b56cd300bcfe3"}
}
