TN:
SF:node-server/user.js
FN:13,createUser
FN:43,createSession
FN:55,findUserByName
FN:56,(anonymous_3)
FN:59,encryptUser
FN:65,decryptUser
FN:77,makeAdmin
FN:92,sha256hash
FNF:8
FNH:8
FNDA:5007,createUser
FNDA:3,createSession
FNDA:10014,findUserByName
FNDA:25040017,(anonymous_3)
FNDA:2,encryptUser
FNDA:2,decryptUser
FNDA:2,makeAdmin
FNDA:5008,sha256hash
DA:2,1
DA:3,1
DA:4,1
DA:7,1
DA:8,1
DA:10,1
DA:11,1
DA:14,5007
DA:15,5007
DA:16,1
DA:19,5006
DA:26,5006
DA:27,5006
DA:29,6
DA:31,5006
DA:33,1
DA:36,5006
DA:45,3
DA:46,3
DA:47,1
DA:48,2
DA:49,1
DA:51,1
DA:56,25040017
DA:60,2
DA:61,2
DA:62,2
DA:66,2
DA:67,2
DA:68,1
DA:69,1
DA:72,1
DA:78,2
DA:79,2
DA:80,2
DA:81,1
DA:83,1
DA:84,1
DA:87,1
DA:94,5008
DA:97,1
LF:41
LH:41
BRDA:15,0,0,1
BRDA:15,0,1,5006
BRDA:27,1,0,6
BRDA:27,1,1,5000
BRDA:31,2,0,1
BRDA:31,2,1,5005
BRDA:46,3,0,1
BRDA:46,3,1,2
BRDA:48,4,0,1
BRDA:48,4,1,1
BRDA:80,5,0,1
BRDA:80,5,1,1
BRF:12
BRH:12
end_of_record
TN:
SF:node-server/api/trivia.js
FN:7,(anonymous_0)
FN:11,getQuestions
FN:15,scoreQuestions
FN:16,(anonymous_3)
FN:18,(anonymous_4)
FN:23,addQuestion
FN:29,(anonymous_6)
FN:39,(anonymous_7)
FN:47,deleteQuestion
FN:48,(anonymous_9)
FN:59,shuffleChoices
FN:61,(anonymous_11)
FNF:12
FNH:12
FNDA:30,(anonymous_0)
FNDA:1,getQuestions
FNDA:2,scoreQuestions
FNDA:60,(anonymous_3)
FNDA:465,(anonymous_4)
FNDA:1,addQuestion
FNDA:4,(anonymous_6)
FNDA:4,(anonymous_7)
FNDA:2,deleteQuestion
FNDA:59,(anonymous_9)
FNDA:1,shuffleChoices
FNDA:4,(anonymous_11)
DA:3,1
DA:4,1
DA:7,1
DA:8,30
DA:12,1
DA:16,2
DA:17,60
DA:18,465
DA:19,60
DA:25,1
DA:26,1
DA:30,4
DA:39,4
DA:41,1
DA:42,1
DA:48,59
DA:49,2
DA:50,1
DA:51,1
DA:52,1
DA:55,1
DA:61,1
DA:62,4
DA:63,4
DA:64,4
DA:69,1
LF:26
LH:26
BRDA:18,0,0,60
BRDA:18,0,1,30
BRDA:49,1,0,1
BRDA:49,1,1,1
BRF:4
BRH:4
end_of_record
